a:4:{s:10:"insertTime";s:19:"2018-12-07 08:28:22";s:2:"ip";s:3:"::1";s:3:"url";s:36:"/pro/powiatowy-urzad-pracy-w-monkach";s:11:"visitCookie";i:1;}
a:4:{s:10:"insertTime";s:19:"2018-12-07 08:28:40";s:2:"ip";s:3:"::1";s:3:"url";s:5:"/pro/";s:11:"visitCookie";i:1;}
a:4:{s:10:"insertTime";s:19:"2018-12-07 08:28:41";s:2:"ip";s:3:"::1";s:3:"url";s:72:"/pro/data/themes/katalog-firm/fonts/fontawesome-webfont3295.html?v=4.5.0";s:11:"visitCookie";i:1;}
a:4:{s:10:"insertTime";s:19:"2018-12-07 08:29:05";s:2:"ip";s:3:"::1";s:3:"url";s:32:"/pro/fhu-tomo-tomasz-niewodowski";s:11:"visitCookie";i:1;}
a:4:{s:10:"insertTime";s:19:"2018-12-07 08:29:06";s:2:"ip";s:3:"::1";s:3:"url";s:72:"/pro/data/themes/katalog-firm/fonts/fontawesome-webfont3295.html?v=4.5.0";s:11:"visitCookie";i:1;}
a:4:{s:10:"insertTime";s:19:"2018-12-07 08:29:36";s:2:"ip";s:3:"::1";s:3:"url";s:41:"/pro/zaklad-stolarski-marcin-cieszynski-2";s:11:"visitCookie";i:1;}
a:4:{s:10:"insertTime";s:19:"2018-12-07 08:29:37";s:2:"ip";s:3:"::1";s:3:"url";s:72:"/pro/data/themes/katalog-firm/fonts/fontawesome-webfont3295.html?v=4.5.0";s:11:"visitCookie";i:1;}
a:4:{s:10:"insertTime";s:19:"2018-12-07 08:29:54";s:2:"ip";s:3:"::1";s:3:"url";s:35:"/pro/admin/content/pages/edit/1120/";s:11:"visitCookie";i:1;}
a:4:{s:10:"insertTime";s:19:"2018-12-07 08:29:55";s:2:"ip";s:3:"::1";s:3:"url";s:41:"/pro/image/szptgxnyzpjq/100/100/original/";s:11:"visitCookie";i:1;}
a:4:{s:10:"insertTime";s:19:"2018-12-07 08:29:55";s:2:"ip";s:3:"::1";s:3:"url";s:41:"/pro/admin/ajax/files/modalUploader/1120/";s:11:"visitCookie";i:1;}
a:4:{s:10:"insertTime";s:19:"2018-12-07 08:29:55";s:2:"ip";s:3:"::1";s:3:"url";s:36:"/pro/admin/ajax/widgets/choseWidget/";s:11:"visitCookie";i:1;}
a:4:{s:10:"insertTime";s:19:"2018-12-07 08:29:55";s:2:"ip";s:3:"::1";s:3:"url";s:42:"/pro/admin/ajax/images/modalUploader/1120/";s:11:"visitCookie";i:1;}
a:4:{s:10:"insertTime";s:19:"2018-12-07 08:29:55";s:2:"ip";s:3:"::1";s:3:"url";s:35:"/pro/admin/ajax/customfields/index/";s:11:"visitCookie";i:1;}
a:4:{s:10:"insertTime";s:19:"2018-12-07 08:30:32";s:2:"ip";s:3:"::1";s:3:"url";s:46:"/pro/admin/mainDo/toogleCookie/showAllOn/tab1/";s:11:"visitCookie";i:1;}
a:4:{s:10:"insertTime";s:19:"2018-12-07 08:30:32";s:2:"ip";s:3:"::1";s:3:"url";s:40:"/pro/admin/content/pages/edit/1120/?tab1";s:11:"visitCookie";i:1;}
a:4:{s:10:"insertTime";s:19:"2018-12-07 08:30:33";s:2:"ip";s:3:"::1";s:3:"url";s:41:"/pro/image/szptgxnyzpjq/100/100/original/";s:11:"visitCookie";i:1;}
a:4:{s:10:"insertTime";s:19:"2018-12-07 08:30:33";s:2:"ip";s:3:"::1";s:3:"url";s:42:"/pro/admin/ajax/images/modalUploader/1120/";s:11:"visitCookie";i:1;}
a:4:{s:10:"insertTime";s:19:"2018-12-07 08:30:33";s:2:"ip";s:3:"::1";s:3:"url";s:36:"/pro/admin/ajax/widgets/choseWidget/";s:11:"visitCookie";i:1;}
a:4:{s:10:"insertTime";s:19:"2018-12-07 08:30:33";s:2:"ip";s:3:"::1";s:3:"url";s:35:"/pro/admin/ajax/customfields/index/";s:11:"visitCookie";i:1;}
a:4:{s:10:"insertTime";s:19:"2018-12-07 08:30:33";s:2:"ip";s:3:"::1";s:3:"url";s:41:"/pro/admin/ajax/files/modalUploader/1120/";s:11:"visitCookie";i:1;}
a:4:{s:10:"insertTime";s:19:"2018-12-07 08:30:45";s:2:"ip";s:3:"::1";s:3:"url";s:5:"/pro/";s:11:"visitCookie";i:1;}
a:4:{s:10:"insertTime";s:19:"2018-12-07 08:30:46";s:2:"ip";s:3:"::1";s:3:"url";s:72:"/pro/data/themes/katalog-firm/fonts/fontawesome-webfont3295.html?v=4.5.0";s:11:"visitCookie";i:1;}
a:4:{s:10:"insertTime";s:19:"2018-12-07 08:31:03";s:2:"ip";s:3:"::1";s:3:"url";s:42:"/pro/kancelaria-adwokacka-tomasz-kuczynski";s:11:"visitCookie";i:1;}
a:4:{s:10:"insertTime";s:19:"2018-12-07 08:31:03";s:2:"ip";s:3:"::1";s:3:"url";s:72:"/pro/data/themes/katalog-firm/fonts/fontawesome-webfont3295.html?v=4.5.0";s:11:"visitCookie";i:1;}
a:4:{s:10:"insertTime";s:19:"2018-12-07 08:32:37";s:2:"ip";s:3:"::1";s:3:"url";s:5:"/pro/";s:11:"visitCookie";i:1;}
a:4:{s:10:"insertTime";s:19:"2018-12-07 08:32:37";s:2:"ip";s:3:"::1";s:3:"url";s:72:"/pro/data/themes/katalog-firm/fonts/fontawesome-webfont3295.html?v=4.5.0";s:11:"visitCookie";i:1;}
a:4:{s:10:"insertTime";s:19:"2018-12-07 08:33:18";s:2:"ip";s:3:"::1";s:3:"url";s:5:"/pro/";s:11:"visitCookie";i:1;}
a:4:{s:10:"insertTime";s:19:"2018-12-07 08:33:19";s:2:"ip";s:3:"::1";s:3:"url";s:72:"/pro/data/themes/katalog-firm/fonts/fontawesome-webfont3295.html?v=4.5.0";s:11:"visitCookie";i:1;}
a:4:{s:10:"insertTime";s:19:"2018-12-07 08:33:28";s:2:"ip";s:3:"::1";s:3:"url";s:5:"/pro/";s:11:"visitCookie";i:1;}
a:4:{s:10:"insertTime";s:19:"2018-12-07 08:33:28";s:2:"ip";s:3:"::1";s:3:"url";s:72:"/pro/data/themes/katalog-firm/fonts/fontawesome-webfont3295.html?v=4.5.0";s:11:"visitCookie";i:1;}
a:4:{s:10:"insertTime";s:19:"2018-12-07 08:34:18";s:2:"ip";s:3:"::1";s:3:"url";s:5:"/pro/";s:11:"visitCookie";i:1;}
a:4:{s:10:"insertTime";s:19:"2018-12-07 08:34:18";s:2:"ip";s:3:"::1";s:3:"url";s:72:"/pro/data/themes/katalog-firm/fonts/fontawesome-webfont3295.html?v=4.5.0";s:11:"visitCookie";i:1;}
a:4:{s:10:"insertTime";s:19:"2018-12-07 08:35:09";s:2:"ip";s:3:"::1";s:3:"url";s:5:"/pro/";s:11:"visitCookie";i:1;}
a:4:{s:10:"insertTime";s:19:"2018-12-07 08:35:10";s:2:"ip";s:3:"::1";s:3:"url";s:72:"/pro/data/themes/katalog-firm/fonts/fontawesome-webfont3295.html?v=4.5.0";s:11:"visitCookie";i:1;}
a:4:{s:10:"insertTime";s:19:"2018-12-07 08:35:18";s:2:"ip";s:3:"::1";s:3:"url";s:38:"/pro/komenda-powiatowa-strazy-pozarnej";s:11:"visitCookie";i:1;}
a:4:{s:10:"insertTime";s:19:"2018-12-07 08:35:19";s:2:"ip";s:3:"::1";s:3:"url";s:72:"/pro/data/themes/katalog-firm/fonts/fontawesome-webfont3295.html?v=4.5.0";s:11:"visitCookie";i:1;}
a:4:{s:10:"insertTime";s:19:"2018-12-07 08:35:34";s:2:"ip";s:3:"::1";s:3:"url";s:38:"/pro/admin/do/content/autosaveSuccess/";s:11:"visitCookie";i:1;}
a:4:{s:10:"insertTime";s:19:"2018-12-07 08:36:01";s:2:"ip";s:3:"::1";s:3:"url";s:41:"/pro/zaklad-stolarski-marcin-cieszynski-2";s:11:"visitCookie";i:1;}
a:4:{s:10:"insertTime";s:19:"2018-12-07 08:36:01";s:2:"ip";s:3:"::1";s:3:"url";s:72:"/pro/data/themes/katalog-firm/fonts/fontawesome-webfont3295.html?v=4.5.0";s:11:"visitCookie";i:1;}
a:4:{s:10:"insertTime";s:19:"2018-12-07 08:36:06";s:2:"ip";s:3:"::1";s:3:"url";s:34:"/pro/starostwo-powiatowe-w-monkach";s:11:"visitCookie";i:1;}
a:4:{s:10:"insertTime";s:19:"2018-12-07 08:39:17";s:2:"ip";s:3:"::1";s:3:"url";s:5:"/pro/";s:11:"visitCookie";i:1;}
a:4:{s:10:"insertTime";s:19:"2018-12-07 08:39:17";s:2:"ip";s:3:"::1";s:3:"url";s:72:"/pro/data/themes/katalog-firm/fonts/fontawesome-webfont3295.html?v=4.5.0";s:11:"visitCookie";i:1;}
a:4:{s:10:"insertTime";s:19:"2018-12-07 08:39:27";s:2:"ip";s:3:"::1";s:3:"url";s:15:"/pro/index.html";s:11:"visitCookie";i:1;}
a:4:{s:10:"insertTime";s:19:"2018-12-07 08:39:27";s:2:"ip";s:3:"::1";s:3:"url";s:72:"/pro/data/themes/katalog-firm/fonts/fontawesome-webfont3295.html?v=4.5.0";s:11:"visitCookie";i:1;}
a:4:{s:10:"insertTime";s:19:"2018-12-07 08:39:29";s:2:"ip";s:3:"::1";s:3:"url";s:5:"/pro/";s:11:"visitCookie";i:1;}
a:4:{s:10:"insertTime";s:19:"2018-12-07 08:39:29";s:2:"ip";s:3:"::1";s:3:"url";s:72:"/pro/data/themes/katalog-firm/fonts/fontawesome-webfont3295.html?v=4.5.0";s:11:"visitCookie";i:1;}
a:4:{s:10:"insertTime";s:19:"2018-12-07 08:40:22";s:2:"ip";s:3:"::1";s:3:"url";s:5:"/pro/";s:11:"visitCookie";i:1;}
a:4:{s:10:"insertTime";s:19:"2018-12-07 08:40:22";s:2:"ip";s:3:"::1";s:3:"url";s:72:"/pro/data/themes/katalog-firm/fonts/fontawesome-webfont3295.html?v=4.5.0";s:11:"visitCookie";i:1;}
a:4:{s:10:"insertTime";s:19:"2018-12-07 08:40:25";s:2:"ip";s:3:"::1";s:3:"url";s:41:"/pro/zaklad-stolarski-marcin-cieszynski-2";s:11:"visitCookie";i:1;}
a:4:{s:10:"insertTime";s:19:"2018-12-07 08:40:26";s:2:"ip";s:3:"::1";s:3:"url";s:72:"/pro/data/themes/katalog-firm/fonts/fontawesome-webfont3295.html?v=4.5.0";s:11:"visitCookie";i:1;}
a:4:{s:10:"insertTime";s:19:"2018-12-07 08:40:34";s:2:"ip";s:3:"::1";s:3:"url";s:38:"/pro/admin/do/content/autosaveSuccess/";s:11:"visitCookie";i:1;}
a:4:{s:10:"insertTime";s:19:"2018-12-07 08:40:34";s:2:"ip";s:3:"::1";s:3:"url";s:34:"/pro/starostwo-powiatowe-w-monkach";s:11:"visitCookie";i:1;}
a:4:{s:10:"insertTime";s:19:"2018-12-07 08:40:38";s:2:"ip";s:3:"::1";s:3:"url";s:34:"/pro/starostwo-powiatowe-w-monkach";s:11:"visitCookie";i:1;}
a:4:{s:10:"insertTime";s:19:"2018-12-07 08:40:40";s:2:"ip";s:3:"::1";s:3:"url";s:34:"/pro/starostwo-powiatowe-w-monkach";s:11:"visitCookie";i:1;}
a:4:{s:10:"insertTime";s:19:"2018-12-07 08:40:41";s:2:"ip";s:3:"::1";s:3:"url";s:34:"/pro/starostwo-powiatowe-w-monkach";s:11:"visitCookie";i:1;}
a:4:{s:10:"insertTime";s:19:"2018-12-07 08:44:15";s:2:"ip";s:3:"::1";s:3:"url";s:5:"/pro/";s:11:"visitCookie";i:1;}
a:4:{s:10:"insertTime";s:19:"2018-12-07 08:44:16";s:2:"ip";s:3:"::1";s:3:"url";s:72:"/pro/data/themes/katalog-firm/fonts/fontawesome-webfont3295.html?v=4.5.0";s:11:"visitCookie";i:1;}
a:4:{s:10:"insertTime";s:19:"2018-12-07 08:44:53";s:2:"ip";s:3:"::1";s:3:"url";s:34:"/pro/starostwo-powiatowe-w-monkach";s:11:"visitCookie";i:1;}
a:4:{s:10:"insertTime";s:19:"2018-12-07 08:45:34";s:2:"ip";s:3:"::1";s:3:"url";s:38:"/pro/admin/do/content/autosaveSuccess/";s:11:"visitCookie";i:1;}
a:4:{s:10:"insertTime";s:19:"2018-12-07 08:46:19";s:2:"ip";s:3:"::1";s:3:"url";s:34:"/pro/starostwo-powiatowe-w-monkach";s:11:"visitCookie";i:1;}
a:4:{s:10:"insertTime";s:19:"2018-12-07 08:46:21";s:2:"ip";s:3:"::1";s:3:"url";s:26:"/pro/window.history.back()";s:11:"visitCookie";i:1;}
a:4:{s:10:"insertTime";s:19:"2018-12-07 08:46:22";s:2:"ip";s:3:"::1";s:3:"url";s:72:"/pro/data/themes/katalog-firm/fonts/fontawesome-webfont3295.html?v=4.5.0";s:11:"visitCookie";i:1;}
a:4:{s:10:"insertTime";s:19:"2018-12-07 08:46:41";s:2:"ip";s:3:"::1";s:3:"url";s:34:"/pro/starostwo-powiatowe-w-monkach";s:11:"visitCookie";i:1;}
a:4:{s:10:"insertTime";s:19:"2018-12-07 08:46:43";s:2:"ip";s:3:"::1";s:3:"url";s:72:"/pro/data/themes/katalog-firm/fonts/fontawesome-webfont3295.html?v=4.5.0";s:11:"visitCookie";i:1;}
a:4:{s:10:"insertTime";s:19:"2018-12-07 08:46:49";s:2:"ip";s:3:"::1";s:3:"url";s:28:"/pro/urzad-miejski-w-monkach";s:11:"visitCookie";i:1;}
a:4:{s:10:"insertTime";s:19:"2018-12-07 08:46:51";s:2:"ip";s:3:"::1";s:3:"url";s:72:"/pro/data/themes/katalog-firm/fonts/fontawesome-webfont3295.html?v=4.5.0";s:11:"visitCookie";i:1;}
a:4:{s:10:"insertTime";s:19:"2018-12-07 08:46:55";s:2:"ip";s:3:"::1";s:3:"url";s:36:"/pro/powiatowy-urzad-pracy-w-monkach";s:11:"visitCookie";i:1;}
a:4:{s:10:"insertTime";s:19:"2018-12-07 08:46:59";s:2:"ip";s:3:"::1";s:3:"url";s:72:"/pro/data/themes/katalog-firm/fonts/fontawesome-webfont3295.html?v=4.5.0";s:11:"visitCookie";i:1;}
a:4:{s:10:"insertTime";s:19:"2018-12-07 08:47:01";s:2:"ip";s:3:"::1";s:3:"url";s:40:"/pro/komenda-powiatowa-policji-w-monkach";s:11:"visitCookie";i:1;}
a:4:{s:10:"insertTime";s:19:"2018-12-07 08:47:01";s:2:"ip";s:3:"::1";s:3:"url";s:72:"/pro/data/themes/katalog-firm/fonts/fontawesome-webfont3295.html?v=4.5.0";s:11:"visitCookie";i:1;}
