a:4:{s:10:"insertTime";s:19:"2018-12-06 15:05:18";s:2:"ip";s:3:"::1";s:3:"url";s:38:"/pro/image/dtnrrjyqrsxj/356/244/smart/";s:11:"visitCookie";i:1;}
a:4:{s:10:"insertTime";s:19:"2018-12-06 15:05:18";s:2:"ip";s:3:"::1";s:3:"url";s:38:"/pro/image/jngscvqmvbjq/356/244/smart/";s:11:"visitCookie";i:1;}
a:4:{s:10:"insertTime";s:19:"2018-12-06 15:05:18";s:2:"ip";s:3:"::1";s:3:"url";s:38:"/pro/image/bqwzkbdagndx/356/244/smart/";s:11:"visitCookie";i:1;}
a:4:{s:10:"insertTime";s:19:"2018-12-06 15:05:18";s:2:"ip";s:3:"::1";s:3:"url";s:38:"/pro/image/aprwxywbhchm/356/244/smart/";s:11:"visitCookie";i:1;}
a:4:{s:10:"insertTime";s:19:"2018-12-06 15:05:18";s:2:"ip";s:3:"::1";s:3:"url";s:38:"/pro/image/ajdwbrthwqkk/356/244/smart/";s:11:"visitCookie";i:1;}
a:4:{s:10:"insertTime";s:19:"2018-12-06 15:05:18";s:2:"ip";s:3:"::1";s:3:"url";s:72:"/pro/data/themes/katalog-firm/fonts/fontawesome-webfont3295.html?v=4.5.0";s:11:"visitCookie";i:1;}
a:4:{s:10:"insertTime";s:19:"2018-12-06 15:08:43";s:2:"ip";s:3:"::1";s:3:"url";s:41:"/pro/zaklad-stolarski-marcin-cieszynski-2";s:11:"visitCookie";i:1;}
a:4:{s:10:"insertTime";s:19:"2018-12-06 15:08:43";s:2:"ip";s:3:"::1";s:3:"url";s:72:"/pro/data/themes/katalog-firm/fonts/fontawesome-webfont3295.html?v=4.5.0";s:11:"visitCookie";i:1;}
a:4:{s:10:"insertTime";s:19:"2018-12-06 15:09:01";s:2:"ip";s:3:"::1";s:3:"url";s:10:"/pro/admin";s:11:"visitCookie";i:1;}
a:4:{s:10:"insertTime";s:19:"2018-12-06 15:09:01";s:2:"ip";s:3:"::1";s:3:"url";s:31:"/pro/admin/login/?back=L2FkbWlu";s:11:"visitCookie";i:1;}
a:4:{s:10:"insertTime";s:19:"2018-12-06 15:09:03";s:2:"ip";s:3:"::1";s:3:"url";s:40:"/pro/admin/login/?mn=admin.message.error";s:11:"visitCookie";i:1;}
a:4:{s:10:"insertTime";s:19:"2018-12-06 15:09:03";s:2:"ip";s:3:"::1";s:3:"url";s:31:"/pro/admin/check/?back=L2FkbWlu";s:11:"visitCookie";i:1;}
a:4:{s:10:"insertTime";s:19:"2018-12-06 15:09:03";s:2:"ip";s:3:"::1";s:3:"url";s:53:"/pro/admin/do/login/ajaxCheck/backup/?_=1544105343787";s:11:"visitCookie";i:1;}
a:4:{s:10:"insertTime";s:19:"2018-12-06 15:09:03";s:2:"ip";s:3:"::1";s:3:"url";s:57:"/pro/admin/do/login/ajaxCheck/activation/?_=1544105343786";s:11:"visitCookie";i:1;}
a:4:{s:10:"insertTime";s:19:"2018-12-06 15:09:03";s:2:"ip";s:3:"::1";s:3:"url";s:59:"/pro/admin/do/login/ajaxCheck/widgetUpdate/?_=1544105343784";s:11:"visitCookie";i:1;}
a:4:{s:10:"insertTime";s:19:"2018-12-06 15:09:03";s:2:"ip";s:3:"::1";s:3:"url";s:53:"/pro/admin/do/login/ajaxCheck/update/?_=1544105343783";s:11:"visitCookie";i:1;}
a:4:{s:10:"insertTime";s:19:"2018-12-06 15:09:03";s:2:"ip";s:3:"::1";s:3:"url";s:54:"/pro/admin/do/login/ajaxCheck/cacheOn/?_=1544105343782";s:11:"visitCookie";i:1;}
a:4:{s:10:"insertTime";s:19:"2018-12-06 15:09:03";s:2:"ip";s:3:"::1";s:3:"url";s:56:"/pro/admin/do/login/ajaxCheck/winduLink/?_=1544105343785";s:11:"visitCookie";i:1;}
a:4:{s:10:"insertTime";s:19:"2018-12-06 15:09:03";s:2:"ip";s:3:"::1";s:3:"url";s:57:"/pro/admin/do/login/ajaxCheck/systemsRun/?_=1544105343788";s:11:"visitCookie";i:1;}
a:4:{s:10:"insertTime";s:19:"2018-12-06 15:09:04";s:2:"ip";s:3:"::1";s:3:"url";s:5:"/pro/";s:11:"visitCookie";i:0;}
a:4:{s:10:"insertTime";s:19:"2018-12-06 15:09:04";s:2:"ip";s:3:"::1";s:3:"url";s:10:"/pro/admin";s:11:"visitCookie";i:1;}
a:4:{s:10:"insertTime";s:19:"2018-12-06 15:09:07";s:2:"ip";s:3:"::1";s:3:"url";s:41:"/pro/image/szptgxnyzpjq/100/100/original/";s:11:"visitCookie";i:1;}
a:4:{s:10:"insertTime";s:19:"2018-12-06 15:09:09";s:2:"ip";s:3:"::1";s:3:"url";s:25:"/pro/admin/content/pages/";s:11:"visitCookie";i:1;}
a:4:{s:10:"insertTime";s:19:"2018-12-06 15:09:10";s:2:"ip";s:3:"::1";s:3:"url";s:41:"/pro/image/szptgxnyzpjq/100/100/original/";s:11:"visitCookie";i:1;}
a:4:{s:10:"insertTime";s:19:"2018-12-06 15:09:22";s:2:"ip";s:3:"::1";s:3:"url";s:39:"/pro/admin/do/content/showTreelist/390/";s:11:"visitCookie";i:1;}
a:4:{s:10:"insertTime";s:19:"2018-12-06 15:09:22";s:2:"ip";s:3:"::1";s:3:"url";s:50:"/pro/admin/content/pages/?mp=admin.message.success";s:11:"visitCookie";i:1;}
a:4:{s:10:"insertTime";s:19:"2018-12-06 15:09:22";s:2:"ip";s:3:"::1";s:3:"url";s:41:"/pro/image/szptgxnyzpjq/100/100/original/";s:11:"visitCookie";i:1;}
a:4:{s:10:"insertTime";s:19:"2018-12-06 15:09:52";s:2:"ip";s:3:"::1";s:3:"url";s:46:"/pro/admin/mainDo/toogleCookie/showAllOn/tab1/";s:11:"visitCookie";i:1;}
a:4:{s:10:"insertTime";s:19:"2018-12-06 15:09:52";s:2:"ip";s:3:"::1";s:3:"url";s:55:"/pro/admin/content/pages/?mp=admin.message.success&tab1";s:11:"visitCookie";i:1;}
a:4:{s:10:"insertTime";s:19:"2018-12-06 15:09:53";s:2:"ip";s:3:"::1";s:3:"url";s:41:"/pro/image/szptgxnyzpjq/100/100/original/";s:11:"visitCookie";i:1;}
a:4:{s:10:"insertTime";s:19:"2018-12-06 15:10:40";s:2:"ip";s:3:"::1";s:3:"url";s:26:"/pro/admin/themes/widgets/";s:11:"visitCookie";i:1;}
a:4:{s:10:"insertTime";s:19:"2018-12-06 15:10:41";s:2:"ip";s:3:"::1";s:3:"url";s:41:"/pro/image/szptgxnyzpjq/100/100/original/";s:11:"visitCookie";i:1;}
a:4:{s:10:"insertTime";s:19:"2018-12-06 15:10:51";s:2:"ip";s:3:"::1";s:3:"url";s:62:"/pro/admin/do/themes/updateWidget/gxnmxbghynaw/forumHotTopics/";s:11:"visitCookie";i:1;}
a:4:{s:10:"insertTime";s:19:"2018-12-06 15:10:51";s:2:"ip";s:3:"::1";s:3:"url";s:51:"/pro/admin/themes/widgets/?mp=admin.message.success";s:11:"visitCookie";i:1;}
a:4:{s:10:"insertTime";s:19:"2018-12-06 15:10:54";s:2:"ip";s:3:"::1";s:3:"url";s:41:"/pro/image/szptgxnyzpjq/100/100/original/";s:11:"visitCookie";i:1;}
a:4:{s:10:"insertTime";s:19:"2018-12-06 15:10:56";s:2:"ip";s:3:"::1";s:3:"url";s:62:"/pro/admin/do/themes/updateWidget/gxnmxbghynaw/forumHotTopics/";s:11:"visitCookie";i:1;}
a:4:{s:10:"insertTime";s:19:"2018-12-06 15:10:57";s:2:"ip";s:3:"::1";s:3:"url";s:51:"/pro/admin/themes/widgets/?mp=admin.message.success";s:11:"visitCookie";i:1;}
a:4:{s:10:"insertTime";s:19:"2018-12-06 15:11:00";s:2:"ip";s:3:"::1";s:3:"url";s:41:"/pro/image/szptgxnyzpjq/100/100/original/";s:11:"visitCookie";i:1;}
a:4:{s:10:"insertTime";s:19:"2018-12-06 15:11:04";s:2:"ip";s:3:"::1";s:3:"url";s:38:"/pro/admin/do/themes/updateAllWidgets/";s:11:"visitCookie";i:1;}
a:4:{s:10:"insertTime";s:19:"2018-12-06 15:11:06";s:2:"ip";s:3:"::1";s:3:"url";s:51:"/pro/admin/themes/widgets/?mp=admin.message.success";s:11:"visitCookie";i:1;}
a:4:{s:10:"insertTime";s:19:"2018-12-06 15:11:09";s:2:"ip";s:3:"::1";s:3:"url";s:41:"/pro/image/szptgxnyzpjq/100/100/original/";s:11:"visitCookie";i:1;}
a:4:{s:10:"insertTime";s:19:"2018-12-06 15:12:32";s:2:"ip";s:3:"::1";s:3:"url";s:48:"/pro/admin/do/themes/duplicateWidget/newsNormal/";s:11:"visitCookie";i:1;}
a:4:{s:10:"insertTime";s:19:"2018-12-06 15:12:32";s:2:"ip";s:3:"::1";s:3:"url";s:51:"/pro/admin/themes/widgets/?mp=admin.message.success";s:11:"visitCookie";i:1;}
a:4:{s:10:"insertTime";s:19:"2018-12-06 15:12:33";s:2:"ip";s:3:"::1";s:3:"url";s:41:"/pro/image/szptgxnyzpjq/100/100/original/";s:11:"visitCookie";i:1;}
a:4:{s:10:"insertTime";s:19:"2018-12-06 15:13:00";s:2:"ip";s:3:"::1";s:3:"url";s:56:"/pro/admin/themes/widgets/editWidgetName/newsNormalcopy/";s:11:"visitCookie";i:1;}
a:4:{s:10:"insertTime";s:19:"2018-12-06 15:13:01";s:2:"ip";s:3:"::1";s:3:"url";s:41:"/pro/image/szptgxnyzpjq/100/100/original/";s:11:"visitCookie";i:1;}
a:4:{s:10:"insertTime";s:19:"2018-12-06 15:13:10";s:2:"ip";s:3:"::1";s:3:"url";s:79:"/pro/admin/themes/widgets/editWidgetName/newsNormalcopy/?mn=admin.message.error";s:11:"visitCookie";i:1;}
a:4:{s:10:"insertTime";s:19:"2018-12-06 15:13:10";s:2:"ip";s:3:"::1";s:3:"url";s:81:"/pro/admin/themes/widgets/editWidgetName/newsNormalcopy/?mp=admin.message.success";s:11:"visitCookie";i:1;}
a:4:{s:10:"insertTime";s:19:"2018-12-06 15:13:11";s:2:"ip";s:3:"::1";s:3:"url";s:41:"/pro/image/szptgxnyzpjq/100/100/original/";s:11:"visitCookie";i:1;}
a:4:{s:10:"insertTime";s:19:"2018-12-06 15:13:13";s:2:"ip";s:3:"::1";s:3:"url";s:25:"/pro/admin/do/flushCache/";s:11:"visitCookie";i:1;}
a:4:{s:10:"insertTime";s:19:"2018-12-06 15:13:13";s:2:"ip";s:3:"::1";s:3:"url";s:81:"/pro/admin/themes/widgets/editWidgetName/newsNormalcopy/?mp=admin.message.success";s:11:"visitCookie";i:1;}
a:4:{s:10:"insertTime";s:19:"2018-12-06 15:13:16";s:2:"ip";s:3:"::1";s:3:"url";s:41:"/pro/image/szptgxnyzpjq/100/100/original/";s:11:"visitCookie";i:1;}
a:4:{s:10:"insertTime";s:19:"2018-12-06 15:13:19";s:2:"ip";s:3:"::1";s:3:"url";s:25:"/pro/admin/content/pages/";s:11:"visitCookie";i:1;}
a:4:{s:10:"insertTime";s:19:"2018-12-06 15:13:21";s:2:"ip";s:3:"::1";s:3:"url";s:41:"/pro/image/szptgxnyzpjq/100/100/original/";s:11:"visitCookie";i:1;}
a:4:{s:10:"insertTime";s:19:"2018-12-06 15:13:26";s:2:"ip";s:3:"::1";s:3:"url";s:5:"/pro/";s:11:"visitCookie";i:1;}
a:4:{s:10:"insertTime";s:19:"2018-12-06 15:13:28";s:2:"ip";s:3:"::1";s:3:"url";s:38:"/pro/image/aprwxywbhchm/356/244/smart/";s:11:"visitCookie";i:1;}
a:4:{s:10:"insertTime";s:19:"2018-12-06 15:13:28";s:2:"ip";s:3:"::1";s:3:"url";s:38:"/pro/image/bqwzkbdagndx/356/244/smart/";s:11:"visitCookie";i:1;}
a:4:{s:10:"insertTime";s:19:"2018-12-06 15:13:28";s:2:"ip";s:3:"::1";s:3:"url";s:38:"/pro/image/dtnrrjyqrsxj/356/244/smart/";s:11:"visitCookie";i:1;}
a:4:{s:10:"insertTime";s:19:"2018-12-06 15:13:28";s:2:"ip";s:3:"::1";s:3:"url";s:38:"/pro/image/ajdwbrthwqkk/356/244/smart/";s:11:"visitCookie";i:1;}
a:4:{s:10:"insertTime";s:19:"2018-12-06 15:13:28";s:2:"ip";s:3:"::1";s:3:"url";s:38:"/pro/image/jngscvqmvbjq/356/244/smart/";s:11:"visitCookie";i:1;}
a:4:{s:10:"insertTime";s:19:"2018-12-06 15:13:28";s:2:"ip";s:3:"::1";s:3:"url";s:72:"/pro/data/themes/katalog-firm/fonts/fontawesome-webfont3295.html?v=4.5.0";s:11:"visitCookie";i:1;}
a:4:{s:10:"insertTime";s:19:"2018-12-06 15:14:16";s:2:"ip";s:3:"::1";s:3:"url";s:35:"/pro/admin/content/pages/edit/1330/";s:11:"visitCookie";i:1;}
a:4:{s:10:"insertTime";s:19:"2018-12-06 15:14:17";s:2:"ip";s:3:"::1";s:3:"url";s:36:"/pro/admin/ajax/widgets/choseWidget/";s:11:"visitCookie";i:1;}
a:4:{s:10:"insertTime";s:19:"2018-12-06 15:14:17";s:2:"ip";s:3:"::1";s:3:"url";s:41:"/pro/admin/ajax/files/modalUploader/1330/";s:11:"visitCookie";i:1;}
a:4:{s:10:"insertTime";s:19:"2018-12-06 15:14:17";s:2:"ip";s:3:"::1";s:3:"url";s:42:"/pro/admin/ajax/images/modalUploader/1330/";s:11:"visitCookie";i:1;}
a:4:{s:10:"insertTime";s:19:"2018-12-06 15:14:17";s:2:"ip";s:3:"::1";s:3:"url";s:35:"/pro/admin/ajax/customfields/index/";s:11:"visitCookie";i:1;}
a:4:{s:10:"insertTime";s:19:"2018-12-06 15:14:18";s:2:"ip";s:3:"::1";s:3:"url";s:41:"/pro/image/szptgxnyzpjq/100/100/original/";s:11:"visitCookie";i:1;}
a:4:{s:10:"insertTime";s:19:"2018-12-06 15:16:15";s:2:"ip";s:3:"::1";s:3:"url";s:35:"/pro/admin/content/pages/edit/1329/";s:11:"visitCookie";i:1;}
a:4:{s:10:"insertTime";s:19:"2018-12-06 15:16:16";s:2:"ip";s:3:"::1";s:3:"url";s:41:"/pro/image/szptgxnyzpjq/100/100/original/";s:11:"visitCookie";i:1;}
a:4:{s:10:"insertTime";s:19:"2018-12-06 15:16:16";s:2:"ip";s:3:"::1";s:3:"url";s:42:"/pro/admin/ajax/images/modalUploader/1329/";s:11:"visitCookie";i:1;}
a:4:{s:10:"insertTime";s:19:"2018-12-06 15:16:16";s:2:"ip";s:3:"::1";s:3:"url";s:36:"/pro/admin/ajax/widgets/choseWidget/";s:11:"visitCookie";i:1;}
a:4:{s:10:"insertTime";s:19:"2018-12-06 15:16:16";s:2:"ip";s:3:"::1";s:3:"url";s:41:"/pro/admin/ajax/files/modalUploader/1329/";s:11:"visitCookie";i:1;}
a:4:{s:10:"insertTime";s:19:"2018-12-06 15:16:16";s:2:"ip";s:3:"::1";s:3:"url";s:35:"/pro/admin/ajax/customfields/index/";s:11:"visitCookie";i:1;}
a:4:{s:10:"insertTime";s:19:"2018-12-06 15:16:19";s:2:"ip";s:3:"::1";s:3:"url";s:40:"/pro/admin/do/content/duplicateItem/638/";s:11:"visitCookie";i:1;}
a:4:{s:10:"insertTime";s:19:"2018-12-06 15:16:19";s:2:"ip";s:3:"::1";s:3:"url";s:60:"/pro/admin/content/pages/edit/1329/?mp=admin.message.success";s:11:"visitCookie";i:1;}
a:4:{s:10:"insertTime";s:19:"2018-12-06 15:16:20";s:2:"ip";s:3:"::1";s:3:"url";s:42:"/pro/admin/ajax/images/modalUploader/1329/";s:11:"visitCookie";i:1;}
a:4:{s:10:"insertTime";s:19:"2018-12-06 15:16:20";s:2:"ip";s:3:"::1";s:3:"url";s:41:"/pro/admin/ajax/files/modalUploader/1329/";s:11:"visitCookie";i:1;}
a:4:{s:10:"insertTime";s:19:"2018-12-06 15:16:20";s:2:"ip";s:3:"::1";s:3:"url";s:36:"/pro/admin/ajax/widgets/choseWidget/";s:11:"visitCookie";i:1;}
a:4:{s:10:"insertTime";s:19:"2018-12-06 15:16:20";s:2:"ip";s:3:"::1";s:3:"url";s:35:"/pro/admin/ajax/customfields/index/";s:11:"visitCookie";i:1;}
a:4:{s:10:"insertTime";s:19:"2018-12-06 15:16:20";s:2:"ip";s:3:"::1";s:3:"url";s:41:"/pro/image/szptgxnyzpjq/100/100/original/";s:11:"visitCookie";i:1;}
a:4:{s:10:"insertTime";s:19:"2018-12-06 15:16:40";s:2:"ip";s:3:"::1";s:3:"url";s:35:"/pro/admin/content/pages/edit/1311/";s:11:"visitCookie";i:1;}
a:4:{s:10:"insertTime";s:19:"2018-12-06 15:16:41";s:2:"ip";s:3:"::1";s:3:"url";s:36:"/pro/admin/ajax/widgets/choseWidget/";s:11:"visitCookie";i:1;}
a:4:{s:10:"insertTime";s:19:"2018-12-06 15:16:41";s:2:"ip";s:3:"::1";s:3:"url";s:35:"/pro/admin/ajax/customfields/index/";s:11:"visitCookie";i:1;}
a:4:{s:10:"insertTime";s:19:"2018-12-06 15:16:41";s:2:"ip";s:3:"::1";s:3:"url";s:41:"/pro/image/szptgxnyzpjq/100/100/original/";s:11:"visitCookie";i:1;}
a:4:{s:10:"insertTime";s:19:"2018-12-06 15:16:41";s:2:"ip";s:3:"::1";s:3:"url";s:41:"/pro/admin/ajax/files/modalUploader/1311/";s:11:"visitCookie";i:1;}
a:4:{s:10:"insertTime";s:19:"2018-12-06 15:16:41";s:2:"ip";s:3:"::1";s:3:"url";s:42:"/pro/admin/ajax/images/modalUploader/1311/";s:11:"visitCookie";i:1;}
a:4:{s:10:"insertTime";s:19:"2018-12-06 15:16:49";s:2:"ip";s:3:"::1";s:3:"url";s:43:"/pro/admin/do/content/editAjaxSuccess/1311/";s:11:"visitCookie";i:1;}
a:4:{s:10:"insertTime";s:19:"2018-12-06 15:16:54";s:2:"ip";s:3:"::1";s:3:"url";s:41:"/pro/zaklad-stolarski-marcin-cieszynski-2";s:11:"visitCookie";i:1;}
a:4:{s:10:"insertTime";s:19:"2018-12-06 15:16:55";s:2:"ip";s:3:"::1";s:3:"url";s:72:"/pro/data/themes/katalog-firm/fonts/fontawesome-webfont3295.html?v=4.5.0";s:11:"visitCookie";i:1;}
a:4:{s:10:"insertTime";s:19:"2018-12-06 15:17:11";s:2:"ip";s:3:"::1";s:3:"url";s:46:"/pro/przekierowanie?do=www.cieszynski-monki.pl";s:11:"visitCookie";i:1;}
a:4:{s:10:"insertTime";s:19:"2018-12-06 15:17:18";s:2:"ip";s:3:"::1";s:3:"url";s:72:"/pro/data/themes/katalog-firm/fonts/fontawesome-webfont3295.html?v=4.5.0";s:11:"visitCookie";i:1;}
a:4:{s:10:"insertTime";s:19:"2018-12-06 15:17:28";s:2:"ip";s:3:"::1";s:3:"url";s:43:"/pro/admin/do/content/editAjaxSuccess/1311/";s:11:"visitCookie";i:1;}
a:4:{s:10:"insertTime";s:19:"2018-12-06 15:17:32";s:2:"ip";s:3:"::1";s:3:"url";s:43:"/pro/admin/do/content/editAjaxSuccess/1311/";s:11:"visitCookie";i:1;}
a:4:{s:10:"insertTime";s:19:"2018-12-06 15:18:34";s:2:"ip";s:3:"::1";s:3:"url";s:43:"/pro/admin/do/content/editAjaxSuccess/1311/";s:11:"visitCookie";i:1;}
a:4:{s:10:"insertTime";s:19:"2018-12-06 15:18:38";s:2:"ip";s:3:"::1";s:3:"url";s:39:"/pro/zaklad-stolarski-marcin-cieszynski";s:11:"visitCookie";i:1;}
a:4:{s:10:"insertTime";s:19:"2018-12-06 15:19:20";s:2:"ip";s:3:"::1";s:3:"url";s:43:"/pro/admin/do/content/editAjaxSuccess/1311/";s:11:"visitCookie";i:1;}
a:4:{s:10:"insertTime";s:19:"2018-12-06 15:19:23";s:2:"ip";s:3:"::1";s:3:"url";s:39:"/pro/zaklad-stolarski-marcin-cieszynski";s:11:"visitCookie";i:1;}
a:4:{s:10:"insertTime";s:19:"2018-12-06 15:19:54";s:2:"ip";s:3:"::1";s:3:"url";s:34:"/pro/admin/content/pages/edit/928/";s:11:"visitCookie";i:1;}
a:4:{s:10:"insertTime";s:19:"2018-12-06 15:19:55";s:2:"ip";s:3:"::1";s:3:"url";s:40:"/pro/admin/ajax/files/modalUploader/928/";s:11:"visitCookie";i:1;}
a:4:{s:10:"insertTime";s:19:"2018-12-06 15:19:55";s:2:"ip";s:3:"::1";s:3:"url";s:35:"/pro/admin/ajax/customfields/index/";s:11:"visitCookie";i:1;}
a:4:{s:10:"insertTime";s:19:"2018-12-06 15:19:55";s:2:"ip";s:3:"::1";s:3:"url";s:41:"/pro/image/szptgxnyzpjq/100/100/original/";s:11:"visitCookie";i:1;}
a:4:{s:10:"insertTime";s:19:"2018-12-06 15:19:55";s:2:"ip";s:3:"::1";s:3:"url";s:41:"/pro/admin/ajax/images/modalUploader/928/";s:11:"visitCookie";i:1;}
a:4:{s:10:"insertTime";s:19:"2018-12-06 15:19:55";s:2:"ip";s:3:"::1";s:3:"url";s:36:"/pro/admin/ajax/widgets/choseWidget/";s:11:"visitCookie";i:1;}
a:4:{s:10:"insertTime";s:19:"2018-12-06 15:20:15";s:2:"ip";s:3:"::1";s:3:"url";s:42:"/pro/admin/do/content/editAjaxSuccess/928/";s:11:"visitCookie";i:1;}
a:4:{s:10:"insertTime";s:19:"2018-12-06 15:20:18";s:2:"ip";s:3:"::1";s:3:"url";s:5:"/pro/";s:11:"visitCookie";i:1;}
a:4:{s:10:"insertTime";s:19:"2018-12-06 15:20:19";s:2:"ip";s:3:"::1";s:3:"url";s:72:"/pro/data/themes/katalog-firm/fonts/fontawesome-webfont3295.html?v=4.5.0";s:11:"visitCookie";i:1;}
a:4:{s:10:"insertTime";s:19:"2018-12-06 15:20:22";s:2:"ip";s:3:"::1";s:3:"url";s:28:"/pro/urzad-miejski-w-monkach";s:11:"visitCookie";i:1;}
a:4:{s:10:"insertTime";s:19:"2018-12-06 15:24:34";s:2:"ip";s:3:"::1";s:3:"url";s:5:"/pro/";s:11:"visitCookie";i:1;}
a:4:{s:10:"insertTime";s:19:"2018-12-06 15:24:34";s:2:"ip";s:3:"::1";s:3:"url";s:72:"/pro/data/themes/katalog-firm/fonts/fontawesome-webfont3295.html?v=4.5.0";s:11:"visitCookie";i:1;}
a:4:{s:10:"insertTime";s:19:"2018-12-06 15:24:43";s:2:"ip";s:3:"::1";s:3:"url";s:34:"/pro/starostwo-powiatowe-w-monkach";s:11:"visitCookie";i:1;}
a:4:{s:10:"insertTime";s:19:"2018-12-06 15:24:43";s:2:"ip";s:3:"::1";s:3:"url";s:58:"/pro/%7B%7B$HOME%7D%7Dimage/qbtfzmakvkxt/940/626/original/";s:11:"visitCookie";i:1;}
a:4:{s:10:"insertTime";s:19:"2018-12-06 15:24:43";s:2:"ip";s:3:"::1";s:3:"url";s:72:"/pro/data/themes/katalog-firm/fonts/fontawesome-webfont3295.html?v=4.5.0";s:11:"visitCookie";i:1;}
a:4:{s:10:"insertTime";s:19:"2018-12-06 15:24:56";s:2:"ip";s:3:"::1";s:3:"url";s:38:"/pro/admin/do/content/autosaveSuccess/";s:11:"visitCookie";i:1;}
a:4:{s:10:"insertTime";s:19:"2018-12-06 15:25:06";s:2:"ip";s:3:"::1";s:3:"url";s:34:"/pro/admin/content/pages/edit/927/";s:11:"visitCookie";i:1;}
a:4:{s:10:"insertTime";s:19:"2018-12-06 15:25:07";s:2:"ip";s:3:"::1";s:3:"url";s:41:"/pro/admin/ajax/images/modalUploader/927/";s:11:"visitCookie";i:1;}
a:4:{s:10:"insertTime";s:19:"2018-12-06 15:25:07";s:2:"ip";s:3:"::1";s:3:"url";s:40:"/pro/admin/ajax/files/modalUploader/927/";s:11:"visitCookie";i:1;}
a:4:{s:10:"insertTime";s:19:"2018-12-06 15:25:07";s:2:"ip";s:3:"::1";s:3:"url";s:35:"/pro/admin/ajax/customfields/index/";s:11:"visitCookie";i:1;}
a:4:{s:10:"insertTime";s:19:"2018-12-06 15:25:07";s:2:"ip";s:3:"::1";s:3:"url";s:41:"/pro/image/szptgxnyzpjq/100/100/original/";s:11:"visitCookie";i:1;}
a:4:{s:10:"insertTime";s:19:"2018-12-06 15:25:07";s:2:"ip";s:3:"::1";s:3:"url";s:36:"/pro/admin/ajax/widgets/choseWidget/";s:11:"visitCookie";i:1;}
a:4:{s:10:"insertTime";s:19:"2018-12-06 15:25:08";s:2:"ip";s:3:"::1";s:3:"url";s:41:"/pro/image/qbtfzmakvkxt/940/626/original/";s:11:"visitCookie";i:1;}
a:4:{s:10:"insertTime";s:19:"2018-12-06 15:25:19";s:2:"ip";s:3:"::1";s:3:"url";s:42:"/pro/admin/do/content/editAjaxSuccess/927/";s:11:"visitCookie";i:1;}
a:4:{s:10:"insertTime";s:19:"2018-12-06 15:25:23";s:2:"ip";s:3:"::1";s:3:"url";s:42:"/pro/admin/do/content/editAjaxSuccess/927/";s:11:"visitCookie";i:1;}
a:4:{s:10:"insertTime";s:19:"2018-12-06 15:25:26";s:2:"ip";s:3:"::1";s:3:"url";s:5:"/pro/";s:11:"visitCookie";i:1;}
a:4:{s:10:"insertTime";s:19:"2018-12-06 15:25:26";s:2:"ip";s:3:"::1";s:3:"url";s:72:"/pro/data/themes/katalog-firm/fonts/fontawesome-webfont3295.html?v=4.5.0";s:11:"visitCookie";i:1;}
a:4:{s:10:"insertTime";s:19:"2018-12-06 15:25:30";s:2:"ip";s:3:"::1";s:3:"url";s:34:"/pro/starostwo-powiatowe-w-monkach";s:11:"visitCookie";i:1;}
a:4:{s:10:"insertTime";s:19:"2018-12-06 15:25:35";s:2:"ip";s:3:"::1";s:3:"url";s:5:"/pro/";s:11:"visitCookie";i:1;}
a:4:{s:10:"insertTime";s:19:"2018-12-06 15:25:35";s:2:"ip";s:3:"::1";s:3:"url";s:72:"/pro/data/themes/katalog-firm/fonts/fontawesome-webfont3295.html?v=4.5.0";s:11:"visitCookie";i:1;}
a:4:{s:10:"insertTime";s:19:"2018-12-06 15:25:45";s:2:"ip";s:3:"::1";s:3:"url";s:36:"/pro/powiatowy-urzad-pracy-w-monkach";s:11:"visitCookie";i:1;}
a:4:{s:10:"insertTime";s:19:"2018-12-06 15:25:45";s:2:"ip";s:3:"::1";s:3:"url";s:72:"/pro/data/themes/katalog-firm/fonts/fontawesome-webfont3295.html?v=4.5.0";s:11:"visitCookie";i:1;}
a:4:{s:10:"insertTime";s:19:"2018-12-06 15:25:54";s:2:"ip";s:3:"::1";s:3:"url";s:34:"/pro/admin/content/pages/edit/929/";s:11:"visitCookie";i:1;}
a:4:{s:10:"insertTime";s:19:"2018-12-06 15:25:55";s:2:"ip";s:3:"::1";s:3:"url";s:36:"/pro/admin/ajax/widgets/choseWidget/";s:11:"visitCookie";i:1;}
a:4:{s:10:"insertTime";s:19:"2018-12-06 15:25:55";s:2:"ip";s:3:"::1";s:3:"url";s:41:"/pro/admin/ajax/images/modalUploader/929/";s:11:"visitCookie";i:1;}
a:4:{s:10:"insertTime";s:19:"2018-12-06 15:25:55";s:2:"ip";s:3:"::1";s:3:"url";s:41:"/pro/image/szptgxnyzpjq/100/100/original/";s:11:"visitCookie";i:1;}
a:4:{s:10:"insertTime";s:19:"2018-12-06 15:25:55";s:2:"ip";s:3:"::1";s:3:"url";s:35:"/pro/admin/ajax/customfields/index/";s:11:"visitCookie";i:1;}
a:4:{s:10:"insertTime";s:19:"2018-12-06 15:25:55";s:2:"ip";s:3:"::1";s:3:"url";s:40:"/pro/admin/ajax/files/modalUploader/929/";s:11:"visitCookie";i:1;}
a:4:{s:10:"insertTime";s:19:"2018-12-06 15:26:06";s:2:"ip";s:3:"::1";s:3:"url";s:25:"/pro/admin/do/flushCache/";s:11:"visitCookie";i:1;}
a:4:{s:10:"insertTime";s:19:"2018-12-06 15:26:06";s:2:"ip";s:3:"::1";s:3:"url";s:59:"/pro/admin/content/pages/edit/929/?mp=admin.message.success";s:11:"visitCookie";i:1;}
a:4:{s:10:"insertTime";s:19:"2018-12-06 15:26:09";s:2:"ip";s:3:"::1";s:3:"url";s:41:"/pro/admin/ajax/images/modalUploader/929/";s:11:"visitCookie";i:1;}
a:4:{s:10:"insertTime";s:19:"2018-12-06 15:26:09";s:2:"ip";s:3:"::1";s:3:"url";s:36:"/pro/admin/ajax/widgets/choseWidget/";s:11:"visitCookie";i:1;}
a:4:{s:10:"insertTime";s:19:"2018-12-06 15:26:09";s:2:"ip";s:3:"::1";s:3:"url";s:35:"/pro/admin/ajax/customfields/index/";s:11:"visitCookie";i:1;}
a:4:{s:10:"insertTime";s:19:"2018-12-06 15:26:09";s:2:"ip";s:3:"::1";s:3:"url";s:40:"/pro/admin/ajax/files/modalUploader/929/";s:11:"visitCookie";i:1;}
a:4:{s:10:"insertTime";s:19:"2018-12-06 15:26:09";s:2:"ip";s:3:"::1";s:3:"url";s:41:"/pro/image/szptgxnyzpjq/100/100/original/";s:11:"visitCookie";i:1;}
a:4:{s:10:"insertTime";s:19:"2018-12-06 15:26:31";s:2:"ip";s:3:"::1";s:3:"url";s:42:"/pro/admin/do/content/editAjaxSuccess/929/";s:11:"visitCookie";i:1;}
a:4:{s:10:"insertTime";s:19:"2018-12-06 15:26:33";s:2:"ip";s:3:"::1";s:3:"url";s:36:"/pro/powiatowy-urzad-pracy-w-monkach";s:11:"visitCookie";i:1;}
a:4:{s:10:"insertTime";s:19:"2018-12-06 15:26:34";s:2:"ip";s:3:"::1";s:3:"url";s:72:"/pro/data/themes/katalog-firm/fonts/fontawesome-webfont3295.html?v=4.5.0";s:11:"visitCookie";i:1;}
a:4:{s:10:"insertTime";s:19:"2018-12-06 15:26:36";s:2:"ip";s:3:"::1";s:3:"url";s:5:"/pro/";s:11:"visitCookie";i:1;}
a:4:{s:10:"insertTime";s:19:"2018-12-06 15:26:37";s:2:"ip";s:3:"::1";s:3:"url";s:38:"/pro/image/dtnrrjyqrsxj/356/244/smart/";s:11:"visitCookie";i:1;}
a:4:{s:10:"insertTime";s:19:"2018-12-06 15:26:37";s:2:"ip";s:3:"::1";s:3:"url";s:38:"/pro/image/bqwzkbdagndx/356/244/smart/";s:11:"visitCookie";i:1;}
a:4:{s:10:"insertTime";s:19:"2018-12-06 15:26:37";s:2:"ip";s:3:"::1";s:3:"url";s:38:"/pro/image/aprwxywbhchm/356/244/smart/";s:11:"visitCookie";i:1;}
a:4:{s:10:"insertTime";s:19:"2018-12-06 15:26:37";s:2:"ip";s:3:"::1";s:3:"url";s:38:"/pro/image/ajdwbrthwqkk/356/244/smart/";s:11:"visitCookie";i:1;}
a:4:{s:10:"insertTime";s:19:"2018-12-06 15:26:37";s:2:"ip";s:3:"::1";s:3:"url";s:38:"/pro/image/jngscvqmvbjq/356/244/smart/";s:11:"visitCookie";i:1;}
a:4:{s:10:"insertTime";s:19:"2018-12-06 15:26:37";s:2:"ip";s:3:"::1";s:3:"url";s:72:"/pro/data/themes/katalog-firm/fonts/fontawesome-webfont3295.html?v=4.5.0";s:11:"visitCookie";i:1;}
a:4:{s:10:"insertTime";s:19:"2018-12-06 15:26:41";s:2:"ip";s:3:"::1";s:3:"url";s:36:"/pro/powiatowy-urzad-pracy-w-monkach";s:11:"visitCookie";i:1;}
a:4:{s:10:"insertTime";s:19:"2018-12-06 15:26:41";s:2:"ip";s:3:"::1";s:3:"url";s:72:"/pro/data/themes/katalog-firm/fonts/fontawesome-webfont3295.html?v=4.5.0";s:11:"visitCookie";i:1;}
a:4:{s:10:"insertTime";s:19:"2018-12-06 15:26:52";s:2:"ip";s:3:"::1";s:3:"url";s:42:"/pro/admin/do/content/editAjaxSuccess/929/";s:11:"visitCookie";i:1;}
a:4:{s:10:"insertTime";s:19:"2018-12-06 15:26:54";s:2:"ip";s:3:"::1";s:3:"url";s:36:"/pro/powiatowy-urzad-pracy-w-monkach";s:11:"visitCookie";i:1;}
a:4:{s:10:"insertTime";s:19:"2018-12-06 15:27:21";s:2:"ip";s:3:"::1";s:3:"url";s:42:"/pro/admin/do/content/editAjaxSuccess/929/";s:11:"visitCookie";i:1;}
a:4:{s:10:"insertTime";s:19:"2018-12-06 15:27:23";s:2:"ip";s:3:"::1";s:3:"url";s:36:"/pro/powiatowy-urzad-pracy-w-monkach";s:11:"visitCookie";i:1;}
